<?xml version="1.0" encoding="UTF-8"?>
<!-- Generated by org.testng.reporters.JUnitReportReporter -->
<testsuite skipped="0" hostname="DESKTOP-PU9EVCV" name="eliteportal.Quotation_Response" tests="2" failures="0" timestamp="11 Oct 2019 06:55:02 GMT" time="122.368" errors="0">
  <testcase name="loginpage" time="57.001" classname="eliteportal.Quotation_Response"/>
  <testcase name="search_res_date" time="65.367" classname="eliteportal.Quotation_Response"/>
</testsuite> <!-- eliteportal.Quotation_Response -->
